{"name": "Проверяем, что всплывающее окно закрывается кликом по крестику", "status": "broken", "statusDetails": {"message": "selenium.common.exceptions.TimeoutException: Message:", "trace": "self = <test_main.TestMain object at 0x7f6b37b7c0a0>, driver = <selenium.webdriver.firefox.webdriver.WebDriver (session=\"6efe494f-1a13-42d7-a4ca-9cb63e461930\")>\n\n    @allure.title('Проверяем, что всплывающее окно закрывается кликом по крестику')\n    def test_close_modal(self, driver):\n        modal = BasePage(driver)\n    \n        modal.go_to_page(URLs.HOMEPAGE)\n        modal.click_visible_element(Locators.INGREDIENT)\n        before_close_modal_class = modal.get_attribute_value(Locators.MODAL, 'class')\n    \n        modal.click_visible_element(Locators.MODAL_CLOSE)\n>       after_close_modal_class = modal.get_attribute_value(Locators.MODAL, 'class')\n\ntests/test_main.py:46: \n_ _ _ _ _ _ _ _ _ _ _ _ _ _ _ _ _ _ _ _ _ _ _ _ _ _ _ _ _ _ _ _ _ _ _ _ _ _ _ _ _ _ _ _ _ _ _ _ _ _ _ _ _ _ _ _ _ _ _ _ _ _ _ _ _ _ _ _ _ _ _ _ _ _ _ _ _ _ _ _ _ _ _ _ _ _ _ _ _ _ _ _ _ _ _ _ _ _ _ _ _ _ _ _ _ _ _ _ _ _ _ _ _ _ \npages/base_page.py:68: in get_attribute_value\n    return self.find_visible_element(locator).get_attribute(attribute)\npages/base_page.py:19: in find_visible_element\n    return WebDriverWait(self.driver, time).until(EC.visibility_of_element_located(locator))\n_ _ _ _ _ _ _ _ _ _ _ _ _ _ _ _ _ _ _ _ _ _ _ _ _ _ _ _ _ _ _ _ _ _ _ _ _ _ _ _ _ _ _ _ _ _ _ _ _ _ _ _ _ _ _ _ _ _ _ _ _ _ _ _ _ _ _ _ _ _ _ _ _ _ _ _ _ _ _ _ _ _ _ _ _ _ _ _ _ _ _ _ _ _ _ _ _ _ _ _ _ _ _ _ _ _ _ _ _ _ _ _ _ _ \n\nself = <selenium.webdriver.support.wait.WebDriverWait (session=\"6efe494f-1a13-42d7-a4ca-9cb63e461930\")>, method = <function visibility_of_element_located.<locals>._predicate at 0x7f6b379a3010>, message = ''\n\n    def until(self, method: Callable[[WebDriver], Union[Literal[False], T]], message: str = \"\") -> T:\n        \"\"\"Calls the method provided with the driver as an argument until the \\\n        return value does not evaluate to ``False``.\n    \n        :param method: callable(WebDriver)\n        :param message: optional message for :exc:`TimeoutException`\n        :returns: the result of the last call to `method`\n        :raises: :exc:`selenium.common.exceptions.TimeoutException` if timeout occurs\n        \"\"\"\n        screen = None\n        stacktrace = None\n    \n        end_time = time.monotonic() + self._timeout\n        while True:\n            try:\n                value = method(self._driver)\n                if value:\n                    return value\n            except self._ignored_exceptions as exc:\n                screen = getattr(exc, \"screen\", None)\n                stacktrace = getattr(exc, \"stacktrace\", None)\n            time.sleep(self._poll)\n            if time.monotonic() > end_time:\n                break\n>       raise TimeoutException(message, screen, stacktrace)\nE       selenium.common.exceptions.TimeoutException: Message:\n\n../../../.local/lib/python3.10/site-packages/selenium/webdriver/support/wait.py:101: TimeoutException"}, "steps": [{"name": "Открываем браузер", "status": "passed", "parameters": [{"name": "driver", "value": "<selenium.webdriver.firefox.webdriver.WebDriver (session=\"6efe494f-1a13-42d7-a4ca-9cb63e461930\")>"}], "start": 1709763496420, "stop": 1709763496420}, {"name": "Переходим на страницу", "status": "passed", "parameters": [{"name": "url", "value": "'https://stellarburgers.nomoreparties.site'"}], "start": 1709763496421, "stop": 1709763497526}], "parameters": [{"name": "driver", "value": "'firefox'"}], "start": 1709763496420, "stop": 1709763508613, "uuid": "06c30576-c0d5-4f4f-b85e-ce434f69853d", "historyId": "a2391888406dcf98e0798ce73156335f", "testCaseId": "86b7f43120206de54e1e7795ad3079bc", "fullName": "tests.test_main.TestMain#test_close_modal", "labels": [{"name": "parentSuite", "value": "tests"}, {"name": "suite", "value": "test_main"}, {"name": "subSuite", "value": "TestMain"}, {"name": "host", "value": "nif-MS-7680"}, {"name": "thread", "value": "51050-MainThread"}, {"name": "framework", "value": "pytest"}, {"name": "language", "value": "cpython3"}, {"name": "package", "value": "tests.test_main"}]}